[debug] [2021-01-25T14:14:11.777Z] ----------------------------------------------------------------------
[debug] [2021-01-25T14:14:11.779Z] Command:       C:\Program Files\nodejs\node.exe C:\Users\Hp\AppData\Roaming\npm\node_modules\firebase-tools\lib\bin\firebase.js deploy
[debug] [2021-01-25T14:14:11.779Z] CLI Version:   9.2.2
[debug] [2021-01-25T14:14:11.779Z] Platform:      win32
[debug] [2021-01-25T14:14:11.780Z] Node Version:  v15.5.0
[debug] [2021-01-25T14:14:11.780Z] Time:          Mon Jan 25 2021 20:14:11 GMT+0600 (Bangladesh Standard Time)
[debug] [2021-01-25T14:14:11.780Z] ----------------------------------------------------------------------
[debug] [2021-01-25T14:14:11.781Z] 
[debug] [2021-01-25T14:14:11.788Z] > command requires scopes: ["email","openid","https://www.googleapis.com/auth/cloudplatformprojects.readonly","https://www.googleapis.com/auth/firebase","https://www.googleapis.com/auth/cloud-platform"]
[debug] [2021-01-25T14:14:11.788Z] > authorizing via signed-in user
[debug] [2021-01-25T14:14:11.788Z] [iam] checking project netflix-clone-9920e for permissions ["firebase.projects.get","firebasehosting.sites.update"]
[debug] [2021-01-25T14:14:11.791Z] > refreshing access token with scopes: ["email","https://www.googleapis.com/auth/cloud-platform","https://www.googleapis.com/auth/cloudplatformprojects.readonly","https://www.googleapis.com/auth/firebase","openid"]
[debug] [2021-01-25T14:14:11.791Z] >>> HTTP REQUEST POST https://www.googleapis.com/oauth2/v3/token  
 <request body omitted>
[debug] [2021-01-25T14:14:11.819Z] [iam] error while checking permissions, command may fail: FirebaseError: Authentication Error: Your credentials are no longer valid. Please run firebase login --reauth

For CI servers and headless environments, generate a new token with firebase login:ci
[debug] [2021-01-25T14:14:11.823Z] >>> [apiv2][query] GET https://firebase.googleapis.com/v1beta1/projects/netflix-clone-9920e [none]
[debug] [2021-01-25T14:14:11.832Z] Failed to make request to https://firebase.googleapis.com/v1beta1/projects/netflix-clone-9920e
[debug] [2021-01-25T14:14:11.848Z] FirebaseError: Failed to make request to https://firebase.googleapis.com/v1beta1/projects/netflix-clone-9920e
    at Client.doRequest (C:\Users\Hp\AppData\Roaming\npm\node_modules\firebase-tools\lib\apiv2.js:194:19)
    at processTicksAndRejections (node:internal/process/task_queues:93:5)
    at async Client.request (C:\Users\Hp\AppData\Roaming\npm\node_modules\firebase-tools\lib\apiv2.js:93:20)
    at async Object.getFirebaseProject (C:\Users\Hp\AppData\Roaming\npm\node_modules\firebase-tools\lib\management\projects.js:289:21)
    at async Object.getDefaultHostingSite (C:\Users\Hp\AppData\Roaming\npm\node_modules\firebase-tools\lib\getDefaultHostingSite.js:8:21)
    at async requireHostingSite (C:\Users\Hp\AppData\Roaming\npm\node_modules\firebase-tools\lib\requireHostingSite.js:9:18)
    at async Object.fn (C:\Users\Hp\AppData\Roaming\npm\node_modules\firebase-tools\lib\commands\deploy.js:66:9)
    at async C:\Users\Hp\AppData\Roaming\npm\node_modules\firebase-tools\lib\command.js:161:17
[error] 
[error] Error: Failed to get Firebase project netflix-clone-9920e. Please make sure the project exists and your account has permission to access it.
[debug] [2021-01-25T14:14:40.239Z] ----------------------------------------------------------------------
[debug] [2021-01-25T14:14:40.241Z] Command:       C:\Program Files\nodejs\node.exe C:\Users\Hp\AppData\Roaming\npm\node_modules\firebase-tools\lib\bin\firebase.js init
[debug] [2021-01-25T14:14:40.241Z] CLI Version:   9.2.2
[debug] [2021-01-25T14:14:40.241Z] Platform:      win32
[debug] [2021-01-25T14:14:40.241Z] Node Version:  v15.5.0
[debug] [2021-01-25T14:14:40.242Z] Time:          Mon Jan 25 2021 20:14:40 GMT+0600 (Bangladesh Standard Time)
[debug] [2021-01-25T14:14:40.242Z] ----------------------------------------------------------------------
[debug] [2021-01-25T14:14:40.242Z] 
[debug] [2021-01-25T14:14:40.249Z] > command requires scopes: ["email","openid","https://www.googleapis.com/auth/cloudplatformprojects.readonly","https://www.googleapis.com/auth/firebase","https://www.googleapis.com/auth/cloud-platform"]
[debug] [2021-01-25T14:14:40.250Z] > authorizing via signed-in user
[info] 
     ######## #### ########  ######## ########     ###     ######  ########
     ##        ##  ##     ## ##       ##     ##  ##   ##  ##       ##
     ######    ##  ########  ######   ########  #########  ######  ######
     ##        ##  ##    ##  ##       ##     ## ##     ##       ## ##
     ##       #### ##     ## ######## ########  ##     ##  ######  ########

You're about to initialize a Firebase project in this directory:

  C:\Users\Hp\Desktop\react projects\netflix-clone\netflix-clone

Before we get started, keep in mind:

  * You are initializing in an existing Firebase project directory

[info] 
=== Project Setup
[info] 
[info] First, let's associate this project directory with a Firebase project.
[info] You can create multiple project aliases by running firebase use --add, 
[info] but for now we'll just set up a default project.
[info] 
[info] i  .firebaserc already has a default project, using netflix-clone-9920e. 
[debug] [2021-01-25T14:14:45.298Z] >>> [apiv2][query] GET https://firebase.googleapis.com/v1beta1/projects/netflix-clone-9920e [none]
[debug] [2021-01-25T14:14:45.335Z] Failed to make request to https://firebase.googleapis.com/v1beta1/projects/netflix-clone-9920e
[debug] [2021-01-25T14:14:45.350Z] FirebaseError: Failed to make request to https://firebase.googleapis.com/v1beta1/projects/netflix-clone-9920e
    at Client.doRequest (C:\Users\Hp\AppData\Roaming\npm\node_modules\firebase-tools\lib\apiv2.js:194:19)
    at processTicksAndRejections (node:internal/process/task_queues:93:5)
    at async Client.request (C:\Users\Hp\AppData\Roaming\npm\node_modules\firebase-tools\lib\apiv2.js:93:20)
    at async Object.getFirebaseProject (C:\Users\Hp\AppData\Roaming\npm\node_modules\firebase-tools\lib\management\projects.js:289:21)
    at async Object.doSetup [as project] (C:\Users\Hp\AppData\Roaming\npm\node_modules\firebase-tools\lib\init\features\project.js:77:27)
    at async init (C:\Users\Hp\AppData\Roaming\npm\node_modules\firebase-tools\lib\init\index.js:19:9)
[error] 
[error] Error: Failed to get Firebase project netflix-clone-9920e. Please make sure the project exists and your account has permission to access it.
